nohup: ignoring input
[0mGET /auth.html [36m304 [0m7.378 ms - -[0m
[0mGET /main.css [36m304 [0m1.265 ms - -[0m
[0mGET /firebase-logo.png [33m404 [0m342.882 ms - 1215[0m
[0mGET /auth.html [36m304 [0m3.716 ms - -[0m
[0mGET /main.css [36m304 [0m0.414 ms - -[0m
[0mGET /firebase-logo.png [33m404 [0m46.314 ms - 1215[0m
[0mGET /auth.html [36m304 [0m6.740 ms - -[0m
[0mGET /main.css [36m304 [0m0.872 ms - -[0m
[0mGET /firebase-logo.png [33m404 [0m49.459 ms - 1215[0m
[0mGET /auth.html [32m200 [0m2.887 ms - 7819[0m
[0mGET /main.css [32m200 [0m1.266 ms - 1227[0m
[0mGET /firebase-logo.png [33m404 [0m42.875 ms - 1215[0m
[0mGET /favicon.ico [33m404 [0m41.482 ms - 1215[0m
[0mGET /main.css [36m304 [0m18.909 ms - -[0m
[0mGET /auth.html [36m304 [0m0.665 ms - -[0m
[0mGET /main.css [36m304 [0m0.568 ms - -[0m
[0mGET /firebase-logo.png [33m404 [0m41.500 ms - 1215[0m
[0mGET /auth.html [36m304 [0m0.495 ms - -[0m
[0mGET /main.css [36m304 [0m0.375 ms - -[0m
[0mGET /firebase-logo.png [33m404 [0m25.471 ms - 1215[0m
[0mGET /auth.html [32m200 [0m1.053 ms - 7819[0m
[0mGET /main.css [32m200 [0m1.416 ms - 1227[0m
[0mGET /firebase-logo.png [33m404 [0m42.562 ms - 1215[0m
[0mGET /favicon.ico [33m404 [0m16.869 ms - 1215[0m
[0mGET /auth.html [36m304 [0m0.427 ms - -[0m
[0mGET /main.css [36m304 [0m2.467 ms - -[0m
[0mGET /firebase-logo.png [33m404 [0m7.230 ms - 1215[0m
